<?xml version="1.0" encoding="utf-8"?><testsuites name="pytest tests"><testsuite name="pytest" errors="0" failures="0" skipped="0" tests="26" time="30.702" timestamp="2026-09-16T10:29:54.014873+00:00" hostname="agent-env-90adfaa9-999f-404e-905b-3539e6e9eba9"><testcase classname="tests.test_iteration4_payroll_and_bugs.TestBug2JunkParts" name="test_reject_junk_code_z_and_move_to_trash" time="1.060" /><testcase classname="tests.test_iteration4_payroll_and_bugs.TestBug6Sop" name="test_default_4_items" time="0.997" /><testcase classname="tests.test_iteration4_payroll_and_bugs.TestBug6Sop" name="test_owner_crud_checklist_master" time="0.433" /><testcase classname="tests.test_iteration4_payroll_and_bugs.TestBug2JunkParts" name="test_reject_junk_name_kosong" time="0.152" /><testcase classname="tests.test_iteration4_payroll_and_bugs.TestBug2JunkParts" name="test_restore_from_trash" time="0.280" /><testcase classname="tests.test_iteration4_payroll_and_bugs.TestBug6Sop" name="test_non_owner_cannot_crud" time="0.112" /><testcase classname="tests.test_iteration4_payroll_and_bugs.TestBug2JunkParts" name="test_parts_cleanup_owner_only" time="0.252" /><testcase classname="tests.test_iteration4_payroll_and_bugs.TestBug6Sop" name="test_finish_blocked_without_sop" time="1.642" /><testcase classname="tests.test_iteration4_payroll_and_bugs.TestBug2JunkParts" name="test_low_stock_flag_present" time="0.118" /><testcase classname="tests.test_iteration4_payroll_and_bugs.TestBug7CancelSecurity" name="test_cancel_without_password_forbidden" time="1.727" /><testcase classname="tests.test_iteration4_payroll_and_bugs.TestPayroll" name="test_employee_crud" time="0.402" /><testcase classname="tests.test_iteration4_payroll_and_bugs.TestPayroll" name="test_non_owner_forbidden" time="0.151" /><testcase classname="tests.test_iteration4_payroll_and_bugs.TestBug7CancelSecurity" name="test_cancel_without_reason_rejected" time="6.060" /><testcase classname="tests.test_iteration4_payroll_and_bugs.TestPayroll" name="test_payroll_report_shape" time="0.142" /><testcase classname="tests.test_iteration4_payroll_and_bugs.TestPayroll" name="test_payroll_slip_bonus_math" time="0.260" /><testcase classname="tests.test_iteration4_payroll_and_bugs.TestBug5Credit" name="test_kredit_sets_belum_lunas_and_iso_due" time="10.930" /><testcase classname="tests.test_iteration4_payroll_and_bugs.TestBug7CancelSecurity" name="test_cancel_with_owner_password_ok" time="12.924" /><testcase classname="tests.test_iteration4_payroll_and_bugs.TestBug5Credit" name="test_full_paydebt_lunas" time="13.065" /><testcase classname="tests.test_iteration4_payroll_and_bugs.TestBug4LabaRugiCashflow" name="test_settings_finance_get_put_persist" time="0.238" /><testcase classname="tests.test_iteration4_payroll_and_bugs.TestBug4LabaRugiCashflow" name="test_laba_rugi_shape" time="0.119" /><testcase classname="tests.test_iteration4_payroll_and_bugs.TestBug4LabaRugiCashflow" name="test_cashflow_shape" time="0.113" /><testcase classname="tests.test_iteration4_payroll_and_bugs.TestBug1Profit" name="test_service_snapshots_cost_and_computes_modal_and_laba" time="4.084" /><testcase classname="tests.test_iteration4_payroll_and_bugs.TestBug3CancelPollution" name="test_cancelled_payment_removed_from_omzet_dashboard" time="2.623" /><testcase classname="tests.test_iteration4_payroll_and_bugs.TestBug5Credit" name="test_debt_reminders_lists_due_within_3_days" time="1.775" /><testcase classname="tests.test_iteration4_payroll_and_bugs.TestAccessSettings" name="test_get_put_access_roles" time="0.283" /><testcase classname="tests.test_iteration4_payroll_and_bugs.TestAccessSettings" name="test_put_access_owner_only" time="0.127" /></testsuite></testsuites>