<?xml version="1.0" encoding="utf-8"?><testsuites name="pytest tests"><testsuite name="pytest" errors="0" failures="1" skipped="0" tests="14" time="24.799" timestamp="2026-09-13T00:47:43.907722+00:00" hostname="agent-env-f3931a8a-8dd9-4c19-89d8-30717756d3c7"><testcase classname="tests.test_iteration3_new_features.TestProfitTrend" name="test_profit_trend_schema" time="0.589" /><testcase classname="tests.test_iteration3_new_features.TestReportsDateRange" name="test_service_sales_supports_date_range" time="0.616" /><testcase classname="tests.test_iteration3_new_features.TestReportsDateRange" name="test_service_sales_supports_month" time="0.206" /><testcase classname="tests.test_iteration3_new_features.TestReportsDateRange" name="test_direct_sales_supports_date_range" time="0.211" /><testcase classname="tests.test_iteration3_new_features.TestProfitTrend" name="test_profit_trend_forbidden_for_non_owner" time="0.403" /><testcase classname="tests.test_iteration3_new_features.TestExpenseEdit" name="test_create_edit_and_verify" time="0.816" /><testcase classname="tests.test_iteration3_new_features.TestReportsDateRange" name="test_purchases_supports_date_range" time="0.439" /><testcase classname="tests.test_iteration3_new_features.TestReportsDateRange" name="test_purchases_supports_month" time="0.235" /><testcase classname="tests.test_iteration3_new_features.TestSaleDateEdit" name="test_change_sale_date_owner_only" time="1.177" /><testcase classname="tests.test_iteration3_new_features.TestExpenseEdit" name="test_expense_edit_bad_date" time="0.733" /><testcase classname="tests.test_iteration3_new_features.TestStockMovementDateEdit" name="test_change_movement_date_owner_only" time="21.137" /><testcase classname="tests.test_iteration3_new_features.TestCustomerAddressFields" name="test_customer_stores_address_parts" time="0.366" /><testcase classname="tests.test_iteration3_new_features.TestSaleAddressFields" name="test_sale_stores_customer_address_parts" time="0.750"><failure message="KeyError: 'customer_desa'">backend/tests/test_iteration3_new_features.py:290: in test_sale_stores_customer_address_parts
    assert g["customer_desa"] == "Kekeri"
           ^^^^^^^^^^^^^^^^^^
E   KeyError: 'customer_desa'</failure></testcase><testcase classname="tests.test_iteration3_new_features.TestStockMovementDateEdit" name="test_movement_bad_date_400" time="0.776" /></testsuite></testsuites>