<?xml version="1.0" encoding="utf-8"?><testsuites name="pytest tests"><testsuite name="pytest" errors="0" failures="0" skipped="0" tests="8" time="1.595" timestamp="2026-09-16T11:21:52.438843+00:00" hostname="agent-env-90adfaa9-999f-404e-905b-3539e6e9eba9"><testcase classname="tests.test_iteration5_login_and_dashbengkel.TestAuth" name="test_login_owner_success" time="0.211" /><testcase classname="tests.test_iteration5_login_and_dashbengkel.TestAuth" name="test_login_wrong_password_401" time="0.109" /><testcase classname="tests.test_iteration5_login_and_dashbengkel.TestFinanceSettings" name="test_get_finance_shape" time="0.121" /><testcase classname="tests.test_iteration5_login_and_dashbengkel.TestFinanceSettings" name="test_put_finance_persists_target" time="0.233" /><testcase classname="tests.test_iteration5_login_and_dashbengkel.TestFinanceSettings" name="test_restore_original_target" time="0.167" /><testcase classname="tests.test_iteration5_login_and_dashbengkel.TestDashboardBengkel" name="test_dashboard_bengkel_shape" time="0.116" /><testcase classname="tests.test_iteration5_login_and_dashbengkel.TestDashboardBengkel" name="test_dashboard_target_reflects_setting" time="0.519" /><testcase classname="tests.test_iteration5_login_and_dashbengkel.TestDashboardBengkel" name="test_requires_owner_auth" time="0.068" /></testsuite></testsuites>