<?xml version="1.0" encoding="utf-8"?><testsuites name="pytest tests"><testsuite name="pytest" errors="0" failures="0" skipped="0" tests="14" time="10.221" timestamp="2026-09-12T17:49:04.269993+00:00" hostname="agent-env-5a0b090a-1be0-4bd5-a730-04e911c5058b"><testcase classname="tests.test_iteration2_reports_backup.TestIteration2" name="test_01_login" time="0.576" /><testcase classname="tests.test_iteration2_reports_backup.TestIteration2" name="test_02_backup_import_initial" time="3.737" /><testcase classname="tests.test_iteration2_reports_backup.TestIteration2" name="test_03_backup_import_idempotent" time="3.628" /><testcase classname="tests.test_iteration2_reports_backup.TestIteration2" name="test_04_service_sales_report_sep2026" time="0.122" /><testcase classname="tests.test_iteration2_reports_backup.TestIteration2" name="test_05_direct_sales_report_sep2026" time="0.133" /><testcase classname="tests.test_iteration2_reports_backup.TestIteration2" name="test_06_purchases_report_current_month" time="0.123" /><testcase classname="tests.test_iteration2_reports_backup.TestIteration2" name="test_07_expense_with_new_fields_appears_in_report" time="0.284" /><testcase classname="tests.test_iteration2_reports_backup.TestIteration2" name="test_08_edit_transaction_date_owner" time="0.447" /><testcase classname="tests.test_iteration2_reports_backup.TestIteration2" name="test_09_restore_transaction_date" time="0.123" /><testcase classname="tests.test_iteration2_reports_backup.TestIteration2" name="test_10_export_service_sales_xlsx" time="0.164" /><testcase classname="tests.test_iteration2_reports_backup.TestIteration2" name="test_11_export_direct_sales_xlsx" time="0.117" /><testcase classname="tests.test_iteration2_reports_backup.TestIteration2" name="test_12_export_purchases_xlsx" time="0.153" /><testcase classname="tests.test_iteration2_reports_backup.TestIteration2" name="test_13_rbac_kasir_service_sales_403" time="0.130" /><testcase classname="tests.test_iteration2_reports_backup.TestIteration2" name="test_14_rbac_kasir_purchases_200" time="0.148" /></testsuite></testsuites>