<?xml version="1.0" encoding="utf-8"?><testsuites name="pytest tests"><testsuite name="pytest" errors="0" failures="0" skipped="0" tests="13" time="0.706" timestamp="2026-09-12T17:16:11.612459+00:00" hostname="agent-env-5a0b090a-1be0-4bd5-a730-04e911c5058b"><testcase classname="tests.test_smoke_restore.TestSmokeRestore" name="test_01_health_root" time="0.004" /><testcase classname="tests.test_smoke_restore.TestSmokeRestore" name="test_02_login_all_roles" time="0.161" /><testcase classname="tests.test_smoke_restore.TestSmokeRestore" name="test_03_login_wrong_password_401" time="0.040" /><testcase classname="tests.test_smoke_restore.TestSmokeRestore" name="test_04_auth_me" time="0.008" /><testcase classname="tests.test_smoke_restore.TestSmokeRestore" name="test_05_owner_get_endpoints_no_500" time="0.073" /><testcase classname="tests.test_smoke_restore.TestSmokeRestore" name="test_06_parts_seeded_with_shape" time="0.003" /><testcase classname="tests.test_smoke_restore.TestSmokeRestore" name="test_07_services_seeded" time="0.003" /><testcase classname="tests.test_smoke_restore.TestSmokeRestore" name="test_08_dashboard_shape" time="0.006" /><testcase classname="tests.test_smoke_restore.TestSmokeRestore" name="test_09_transactions_list_shape" time="0.003" /><testcase classname="tests.test_smoke_restore.TestSmokeRestore" name="test_10_rbac_kasir_cannot_list_users" time="0.002" /><testcase classname="tests.test_smoke_restore.TestSmokeRestore" name="test_11_rbac_mekanik_cannot_stock_check" time="0.002" /><testcase classname="tests.test_smoke_restore.TestSmokeRestore" name="test_12_unauthenticated_401" time="0.001" /><testcase classname="tests.test_smoke_restore.TestSmokeRestore" name="test_13_create_customer_and_verify" time="0.053" /></testsuite></testsuites>